[12:39:00.787] main:1745 Starting squeeze2upnp version: v1.82.2 (Feb 21 2022 @ 19:04:48)
[12:39:00.900] output_init:647 success loading FLAC encoder
[12:39:02.235] Start:1507 Binding to 192.168.1.210:49152 (http:0)
[12:39:02.252] AddMRDevice:1399 [004C42D8]: adding renderer (Family Room ND8006)
[12:39:02.255] XMLGetFirstDocumentItem:174 ixmlNode_getFirstChild(tmpNode) returned 00000000 00000000
[12:39:02.255] AddMRDevice:1420 [004C42D8] unable to get protocol info, set <forced_mimetypes>
[12:39:02.259] MasterHandler:1036 [004C42D8]: subscribe success
[12:39:02.261] _ProcessVolume:747 [004C42D8]: UPnP Volume local change 0:-1 (master)
[12:39:02.482] slimproto:861 squeezelite [00510FF8] <=> player [004C42D8]
[12:39:02.482] slimproto:862 [00510FF8] connecting to 192.168.1.165:3483
[12:39:02.501] slimproto:892 [00510FF8] connected
[12:39:02.501] sendHELO:135 [00510FF8] cap: CanHTTPS=1,Model=squeezelite,ModelName=RHEOS,AccuratePlayPoints=0,HasDigitalOut=1,MaxSampleRate=192000,aac,ogg,flc,alc,pcm,mp3
[12:39:02.501] AddMRDevice:1399 [004C6578]: adding renderer (Theater)
[12:39:02.501] XMLGetFirstDocumentItem:174 ixmlNode_getFirstChild(tmpNode) returned 00000000 00000000
[12:39:02.501] AddMRDevice:1420 [004C6578] unable to get protocol info, set <forced_mimetypes>
[12:39:02.501] slimproto:861 squeezelite [00515110] <=> player [004C6578]
[12:39:02.501] slimproto:862 [00515110] connecting to 192.168.1.165:3483
[12:39:02.501] slimproto:892 [00515110] connected
[12:39:02.501] sendHELO:135 [00515110] cap: CanHTTPS=1,Model=squeezelite,ModelName=RHEOS,AccuratePlayPoints=0,HasDigitalOut=1,MaxSampleRate=192000,aac,ogg,flc,alc,pcm,mp3
[12:39:02.501] MasterHandler:1036 [004C6578]: subscribe success
[12:39:02.501] _ProcessVolume:747 [004C6578]: UPnP Volume local change 0:-1 (master)
[12:39:02.517] AVTStop:216 [004C42D8]: uPNP stop (cookie 00000000)
[12:39:02.517] AddMRDevice:1399 [004C8818]: adding renderer (Outside)
[12:39:02.517] XMLGetFirstDocumentItem:174 ixmlNode_getFirstChild(tmpNode) returned 00000000 00000000
[12:39:02.517] AddMRDevice:1420 [004C8818] unable to get protocol info, set <forced_mimetypes>
[12:39:02.533] slimproto:861 squeezelite [00519228] <=> player [004C8818]
[12:39:02.533] slimproto:862 [00519228] connecting to 192.168.1.165:3483
[12:39:02.533] slimproto:892 [00519228] connected
[12:39:02.533] sendHELO:135 [00519228] cap: CanHTTPS=1,Model=squeezelite,ModelName=RHEOS,AccuratePlayPoints=0,HasDigitalOut=1,MaxSampleRate=192000,aac,ogg,flc,alc,pcm,mp3
[12:39:02.533] MasterHandler:1036 [004C8818]: subscribe success
[12:39:02.533] _ProcessVolume:747 [004C8818]: UPnP Volume local change 33:-1 (master)
[12:39:02.533] AVTStop:216 [004C6578]: uPNP stop (cookie 00000000)
[12:39:02.548] AVTStop:216 [004C8818]: uPNP stop (cookie 00000000)
[12:39:02.564] AddMRDevice:1399 [004CAAB8]: adding renderer (Soundbar)
[12:39:02.579] XMLGetFirstDocumentItem:174 ixmlNode_getFirstChild(tmpNode) returned 00000000 00000000
[12:39:02.579] AddMRDevice:1420 [004CAAB8] unable to get protocol info, set <forced_mimetypes>
[12:39:02.579] slimproto:861 squeezelite [0051D340] <=> player [004CAAB8]
[12:39:02.579] slimproto:862 [0051D340] connecting to 192.168.1.165:3483
[12:39:02.579] slimproto:892 [0051D340] connected
[12:39:02.579] sendHELO:135 [0051D340] cap: CanHTTPS=1,Model=squeezelite,ModelName=RHEOS,AccuratePlayPoints=0,HasDigitalOut=1,MaxSampleRate=48000,aac,ogg,flc,alc,pcm,mp3
[12:39:02.595] MasterHandler:1036 [004CAAB8]: subscribe success
[12:39:02.611] _ProcessVolume:747 [004CAAB8]: UPnP Volume local change 41:-1 (master)
[12:39:02.626] AddMRDevice:1399 [004CCD58]: adding renderer (Pearl)
[12:39:02.626] XMLGetFirstDocumentItem:174 ixmlNode_getFirstChild(tmpNode) returned 00000000 00000000
[12:39:02.626] AddMRDevice:1420 [004CCD58] unable to get protocol info, set <forced_mimetypes>
[12:39:02.626] slimproto:861 squeezelite [00521458] <=> player [004CCD58]
[12:39:02.626] slimproto:862 [00521458] connecting to 192.168.1.165:3483
[12:39:02.626] MasterHandler:1036 [004CCD58]: subscribe success
[12:39:02.642] slimproto:892 [00521458] connected
[12:39:02.642] sendHELO:135 [00521458] cap: CanHTTPS=1,Model=squeezelite,ModelName=RHEOS,AccuratePlayPoints=0,HasDigitalOut=1,MaxSampleRate=48000,aac,ogg,flc,alc,pcm,mp3
[12:39:02.642] _ProcessVolume:747 [004CCD58]: UPnP Volume local change 44:-1 (master)
[12:39:02.642] AVTStop:216 [004CCD58]: uPNP stop (cookie 00000000)
[12:39:02.658] AddMRDevice:1399 [004CEFF8]: adding renderer (Study)
[12:39:02.658] XMLGetFirstDocumentItem:174 ixmlNode_getFirstChild(tmpNode) returned 00000000 00000000
[12:39:02.658] AddMRDevice:1420 [004CEFF8] unable to get protocol info, set <forced_mimetypes>
[12:39:02.658] slimproto:861 squeezelite [00525570] <=> player [004CEFF8]
[12:39:02.658] slimproto:862 [00525570] connecting to 192.168.1.165:3483
[12:39:02.658] slimproto:892 [00525570] connected
[12:39:02.658] sendHELO:135 [00525570] cap: CanHTTPS=1,Model=squeezelite,ModelName=RHEOS,AccuratePlayPoints=0,HasDigitalOut=1,MaxSampleRate=192000,aac,ogg,flc,alc,pcm,mp3
[12:39:02.658] MasterHandler:1036 [004CEFF8]: subscribe success
[12:39:02.673] _ProcessVolume:747 [004CEFF8]: UPnP Volume local change 33:-1 (master)
[12:39:02.673] AVTStop:216 [004CEFF8]: uPNP stop (cookie 00000000)
[12:39:02.673] AddMRDevice:1399 [004D1298]: adding renderer (Porch)
[12:39:02.689] XMLGetFirstDocumentItem:174 ixmlNode_getFirstChild(tmpNode) returned 00000000 00000000
[12:39:02.689] AddMRDevice:1420 [004D1298] unable to get protocol info, set <forced_mimetypes>
[12:39:02.689] MasterHandler:1036 [004D1298]: subscribe success
[12:39:02.689] _ProcessVolume:747 [004D1298]: UPnP Volume local change 32:-1 (master)
[12:39:02.704] AddMRDevice:1399 [004D3538]: adding renderer (Crystal)
[12:39:02.719] XMLGetFirstDocumentItem:174 ixmlNode_getFirstChild(tmpNode) returned 00000000 00000000
[12:39:02.719] AddMRDevice:1420 [004D3538] unable to get protocol info, set <forced_mimetypes>
[12:39:02.726] slimproto:861 squeezelite [00529688] <=> player [004D1298]
[12:39:02.726] slimproto:862 [00529688] connecting to 192.168.1.165:3483
[12:39:02.726] slimproto:892 [00529688] connected
[12:39:02.726] slimproto:861 squeezelite [0052D7A0] <=> player [004D3538]
[12:39:02.726] sendHELO:135 [00529688] cap: CanHTTPS=1,Model=squeezelite,ModelName=RHEOS,AccuratePlayPoints=0,HasDigitalOut=1,MaxSampleRate=192000,aac,ogg,flc,alc,pcm,mp3
[12:39:02.726] slimproto:862 [0052D7A0] connecting to 192.168.1.165:3483
[12:39:02.733] MasterHandler:1036 [004D3538]: subscribe success
[12:39:02.743] _ProcessVolume:747 [004D3538]: UPnP Volume local change 35:-1 (master)
[12:39:02.746] AddMRDevice:1399 [004D57D8]: adding renderer (Living Room)
[12:39:02.751] slimproto:892 [0052D7A0] connected
[12:39:02.751] sendHELO:135 [0052D7A0] cap: CanHTTPS=1,Model=squeezelite,ModelName=RHEOS,AccuratePlayPoints=0,HasDigitalOut=1,MaxSampleRate=48000,aac,ogg,flc,alc,pcm,mp3
[12:39:02.758] AVTStop:216 [004D1298]: uPNP stop (cookie 00000000)
[12:39:02.760] XMLGetFirstDocumentItem:174 ixmlNode_getFirstChild(tmpNode) returned 00000000 00000000
[12:39:02.760] AddMRDevice:1420 [004D57D8] unable to get protocol info, set <forced_mimetypes>
[12:39:02.762] slimproto:861 squeezelite [005318B8] <=> player [004D57D8]
[12:39:02.762] slimproto:862 [005318B8] connecting to 192.168.1.165:3483
[12:39:02.762] slimproto:892 [005318B8] connected
[12:39:02.762] sendHELO:135 [005318B8] cap: CanHTTPS=1,Model=squeezelite,ModelName=RHEOS,AccuratePlayPoints=0,HasDigitalOut=1,MaxSampleRate=48000,aac,ogg,flc,alc,pcm,mp3
[12:39:02.770] AVTStop:216 [004D3538]: uPNP stop (cookie 00000000)
[12:39:02.772] MasterHandler:1036 [004D57D8]: subscribe success
[12:39:02.773] AVTStop:216 [004D57D8]: uPNP stop (cookie 00000000)
[12:39:02.782] AddMRDevice:1399 [004D7A78]: adding renderer (Cobalt)
[12:39:02.787] XMLGetFirstDocumentItem:174 ixmlNode_getFirstChild(tmpNode) returned 00000000 00000000
[12:39:02.787] AddMRDevice:1420 [004D7A78] unable to get protocol info, set <forced_mimetypes>
[12:39:02.790] slimproto:861 squeezelite [005359D0] <=> player [004D7A78]
[12:39:02.790] slimproto:862 [005359D0] connecting to 192.168.1.165:3483
[12:39:02.791] slimproto:892 [005359D0] connected
[12:39:02.791] sendHELO:135 [005359D0] cap: CanHTTPS=1,Model=squeezelite,ModelName=RHEOS,AccuratePlayPoints=0,HasDigitalOut=1,MaxSampleRate=48000,aac,ogg,flc,alc,pcm,mp3
[12:39:02.792] MasterHandler:1036 [004D7A78]: subscribe success
[12:39:02.792] _ProcessVolume:747 [004D57D8]: UPnP Volume local change 32:-1 (master)
[12:39:02.796] _ProcessVolume:747 [004D7A78]: UPnP Volume local change 50:-1 (master)
[12:39:02.799] AVTStop:216 [004D7A78]: uPNP stop (cookie 00000000)
[12:39:02.877] AddMRDevice:1399 [004D9D18]: adding renderer (Master Bedroom)
[12:39:02.880] XMLGetFirstDocumentItem:174 ixmlNode_getFirstChild(tmpNode) returned 00000000 00000000
[12:39:02.880] AddMRDevice:1420 [004D9D18] unable to get protocol info, set <forced_mimetypes>
[12:39:02.882] slimproto:861 squeezelite [00539AE8] <=> player [004D9D18]
[12:39:02.883] slimproto:862 [00539AE8] connecting to 192.168.1.165:3483
[12:39:02.883] slimproto:892 [00539AE8] connected
[12:39:02.883] sendHELO:135 [00539AE8] cap: CanHTTPS=1,Model=squeezelite,ModelName=RHEOS,AccuratePlayPoints=0,HasDigitalOut=1,MaxSampleRate=192000,aac,ogg,flc,alc,pcm,mp3
[12:39:02.884] MasterHandler:1036 [004D9D18]: subscribe success
[12:39:02.887] _ProcessVolume:747 [004D9D18]: UPnP Volume local change 36:-1 (master)
[12:39:02.904] AVTStop:216 [004D9D18]: uPNP stop (cookie 00000000)
[12:39:02.920] AddMRDevice:1399 [004DBFB8]: adding renderer (Music Room)
[12:39:02.935] XMLGetFirstDocumentItem:174 ixmlNode_getFirstChild(tmpNode) returned 00000000 00000000
[12:39:02.935] AddMRDevice:1420 [004DBFB8] unable to get protocol info, set <forced_mimetypes>
[12:39:02.946] slimproto:861 squeezelite [0053DC00] <=> player [004DBFB8]
[12:39:02.946] slimproto:862 [0053DC00] connecting to 192.168.1.165:3483
[12:39:02.951] MasterHandler:1036 [004DBFB8]: subscribe success
[12:39:02.959] AddMRDevice:1399 [004DE258]: adding renderer (Dining Room)
[12:39:02.962] _ProcessVolume:747 [004DBFB8]: UPnP Volume local change 32:-1 (master)
[12:39:02.969] slimproto:892 [0053DC00] connected
[12:39:02.969] sendHELO:135 [0053DC00] cap: CanHTTPS=1,Model=squeezelite,ModelName=RHEOS,AccuratePlayPoints=0,HasDigitalOut=1,MaxSampleRate=48000,aac,ogg,flc,alc,pcm,mp3
[12:39:02.971] AVTStop:216 [004DBFB8]: uPNP stop (cookie 00000000)
[12:39:02.973] XMLGetFirstDocumentItem:174 ixmlNode_getFirstChild(tmpNode) returned 00000000 00000000
[12:39:02.973] AddMRDevice:1420 [004DE258] unable to get protocol info, set <forced_mimetypes>
[12:39:02.976] slimproto:861 squeezelite [00541D18] <=> player [004DE258]
[12:39:02.976] slimproto:862 [00541D18] connecting to 192.168.1.165:3483
[12:39:02.976] slimproto:892 [00541D18] connected
[12:39:02.976] sendHELO:135 [00541D18] cap: CanHTTPS=1,Model=squeezelite,ModelName=RHEOS,AccuratePlayPoints=0,HasDigitalOut=1,MaxSampleRate=48000,aac,ogg,flc,alc,pcm,mp3
[12:39:02.978] AVTStop:216 [004DE258]: uPNP stop (cookie 00000000)
[12:39:02.991] MasterHandler:1036 [004DE258]: subscribe success
[12:39:03.022] _ProcessVolume:747 [004DE258]: UPnP Volume local change 58:-1 (master)
[12:39:04.035] AddMRDevice:1399 [004E04F8]: adding renderer (Kitchen)
[12:39:04.055] XMLGetFirstDocumentItem:174 ixmlNode_getFirstChild(tmpNode) returned 00000000 00000000
[12:39:04.056] AddMRDevice:1420 [004E04F8] unable to get protocol info, set <forced_mimetypes>
[12:39:04.073] MasterHandler:1036 [004E04F8]: subscribe success
[12:39:04.076] slimproto:861 squeezelite [00545E30] <=> player [004E04F8]
[12:39:04.076] slimproto:862 [00545E30] connecting to 192.168.1.165:3483
[12:39:04.091] slimproto:892 [00545E30] connected
[12:39:04.091] sendHELO:135 [00545E30] cap: CanHTTPS=1,Model=squeezelite,ModelName=RHEOS,AccuratePlayPoints=0,HasDigitalOut=1,MaxSampleRate=48000,aac,ogg,flc,alc,pcm,mp3
[12:39:04.091] AVTStop:216 [004E04F8]: uPNP stop (cookie 00000000)
[12:39:04.353] _ProcessVolume:747 [004E04F8]: UPnP Volume local change 32:-1 (master)
[12:39:05.400] AVTStop:216 [004CEFF8]: uPNP stop (cookie 00000001)
[12:39:05.400] AVTStop:216 [004DE258]: uPNP stop (cookie 00000001)
[12:39:05.400] AVTStop:216 [004DBFB8]: uPNP stop (cookie 00000001)
[12:39:05.401] AVTStop:216 [004D57D8]: uPNP stop (cookie 00000001)
[12:39:07.675] _SyncNotifState:656 [004CEFF8]: uPNP stop
[12:39:07.783] _SyncNotifState:656 [004D57D8]: uPNP stop
[12:39:07.959] _SyncNotifState:656 [004DBFB8]: uPNP stop
[12:39:07.997] _SyncNotifState:656 [004DE258]: uPNP stop
