[12:13:12.648532] main:1774 Starting squeeze2upnp version: v1.82.2 (Feb 21 2022 @ 19:02:23)
[12:13:12.700681] Start:1536 Binding to 192.168.1.217:49171 (http:0)
[12:13:13.100350] AddMRDevice:1423 [0xc44b00]: adding renderer (Family Room ND8006)
[12:13:13.106273] XMLGetFirstDocumentItem:180 ixmlNode_getFirstChild(tmpNode) returned (nil) (nil)
[12:13:13.106333] AddMRDevice:1444 [0xc44b00] unable to get protocol info, set <forced_mimetypes>
[12:13:13.107720] MasterHandler:1054 [0xc44b00]: subscribe success
[12:13:13.108529] slimproto:861 squeezelite [0xbbb140] <=> player [0xc44b00]
[12:13:13.108583] slimproto:862 [0xbbb140] connecting to 192.168.1.165:3483
[12:13:13.108807] slimproto:892 [0xbbb140] connected
[12:13:13.108828] sendHELO:135 [0xbbb140] cap: CanHTTPS=1,Model=squeezelite,ModelName=FamilyRoomND8006,AccuratePlayPoints=0,HasDigitalOut=1,MaxSampleRate=48000,aac,ogg,flc,alc,pcm,mp3
[12:13:13.111914] _ProcessVolume:754 [0xc44b00]: UPnP Volume local change 0:-1 (master)
[12:13:13.160682] AVTStop:217 [0xc44b00]: uPNP stop (cookie (nil))
[12:13:35.169230] AVTStop:217 [0xc44b00]: uPNP stop (cookie 0x1)
[12:13:38.111150] _SyncNotifState:659 [0xc44b00]: uPNP stop
[12:13:50.435868] AVTStop:217 [0xc44b00]: uPNP stop (cookie 0x3)
[12:13:53.111109] _SyncNotifState:659 [0xc44b00]: uPNP stop
[12:24:55.705980] Stop:1558 stopping squeezelite devices ...
[12:24:55.706058] slimproto_close:933 [0xbbb140] slimproto stop for Family Room ND8006
[12:24:55.807808] output_close:642 [0xbbb140] close media renderer
[12:24:55.966593] Stop:1562 terminate update thread ...
[12:24:55.967346] Stop:1567 terminate main thread ...
[12:24:55.967610] Stop:1571 stopping UPnP devices ...
