[01:20:18.150127] main:1774 Starting squeeze2upnp version: v1.82.2 (Feb 21 2022 @ 19:02:23)
[01:20:18.151875] Start:1536 Binding to 192.168.1.217:49160 (http:0)
[01:20:18.600360] AddMRDevice:1423 [0xc44b00]: adding renderer (Pearl)
[01:20:18.607792] XMLGetFirstDocumentItem:180 ixmlNode_getFirstChild(tmpNode) returned (nil) (nil)
[01:20:18.607876] AddMRDevice:1444 [0xc44b00] unable to get protocol info, set <forced_mimetypes>
[01:20:18.610974] slimproto:861 squeezelite [0xbbb140] <=> player [0xc44b00]
[01:20:18.611213] slimproto:862 [0xbbb140] connecting to 192.168.1.165:3483
[01:20:18.611644] slimproto:892 [0xbbb140] connected
[01:20:18.611703] sendHELO:135 [0xbbb140] cap: CanHTTPS=1,Model=squeezelite,ModelName=Pearl,AccuratePlayPoints=0,HasDigitalOut=1,MaxSampleRate=48000,aac,ogg,flc,alc,pcm,mp3
[01:20:18.614308] MasterHandler:1054 [0xc44b00]: subscribe success
[01:20:18.623991] _ProcessVolume:754 [0xc44b00]: UPnP Volume local change 37:-1 (master)
[01:20:18.660567] AVTStop:217 [0xc44b00]: uPNP stop (cookie (nil))
[01:23:03.211244] MasterHandler:1027 [0xc44b00]: Auto-renewal failed, re-subscribing
[01:23:08.216663] MasterHandler:1056 [0xc44b00]: subscribe fail, re-trying 1
[01:23:09.462918] MasterHandler:1054 [0xc44b00]: subscribe success
[01:23:44.058426] MasterHandler:1027 [0xc44b00]: Auto-renewal failed, re-subscribing
[01:23:47.440893] MasterHandler:1054 [0xc44b00]: subscribe success
[01:33:01.000680] UpdateThread:1120 [0xc44b00]: removing unresponsive player (Pearl)
[01:33:01.000806] slimproto_close:933 [0xbbb140] slimproto stop for Pearl
[01:33:01.101676] output_close:642 [0xbbb140] close media renderer
[01:33:22.134807] AddMRDevice:1423 [0xc44b00]: adding renderer (Pearl)
[01:33:24.471457] XMLGetFirstDocumentItem:180 ixmlNode_getFirstChild(tmpNode) returned (nil) (nil)
[01:33:24.471549] AddMRDevice:1444 [0xc44b00] unable to get protocol info, set <forced_mimetypes>
[01:33:24.474141] slimproto:861 squeezelite [0xbbb140] <=> player [0xc44b00]
[01:33:24.474275] slimproto:862 [0xbbb140] connecting to 192.168.1.165:3483
[01:33:24.474639] slimproto:892 [0xbbb140] connected
[01:33:24.474701] sendHELO:135 [0xbbb140] cap: CanHTTPS=1,Model=squeezelite,ModelName=Pearl,AccuratePlayPoints=0,HasDigitalOut=1,MaxSampleRate=48000,aac,ogg,flc,alc,pcm,mp3
[01:33:24.486115] AVTStop:217 [0xc44b00]: uPNP stop (cookie (nil))
[01:33:25.554175] MasterHandler:1054 [0xc44b00]: subscribe success
[01:33:26.688839] _ProcessVolume:754 [0xc44b00]: UPnP Volume local change 37:-1 (master)
[01:50:44.045355] UpdateThread:1120 [0xc44b00]: removing unresponsive player (Pearl)
[01:50:44.045503] slimproto_close:933 [0xbbb140] slimproto stop for Pearl
[01:50:44.145898] output_close:642 [0xbbb140] close media renderer
[01:50:58.654792] AddMRDevice:1423 [0xc44b00]: adding renderer (Pearl)
[01:51:00.041098] XMLGetFirstDocumentItem:180 ixmlNode_getFirstChild(tmpNode) returned (nil) (nil)
[01:51:00.041148] AddMRDevice:1444 [0xc44b00] unable to get protocol info, set <forced_mimetypes>
[01:51:00.044471] slimproto:861 squeezelite [0xbbb140] <=> player [0xc44b00]
[01:51:00.044667] slimproto:862 [0xbbb140] connecting to 192.168.1.165:3483
[01:51:00.045596] slimproto:892 [0xbbb140] connected
[01:51:00.045798] sendHELO:135 [0xbbb140] cap: CanHTTPS=1,Model=squeezelite,ModelName=Pearl,AccuratePlayPoints=0,HasDigitalOut=1,MaxSampleRate=48000,aac,ogg,flc,alc,pcm,mp3
[01:51:00.095607] AVTStop:217 [0xc44b00]: uPNP stop (cookie (nil))
[01:51:01.658196] MasterHandler:1054 [0xc44b00]: subscribe success
[01:51:01.862771] _ProcessVolume:754 [0xc44b00]: UPnP Volume local change 37:-1 (master)
[10:29:12.003207] UpdateThread:1120 [0xc44b00]: removing unresponsive player (Pearl)
[10:29:12.003366] slimproto_close:933 [0xbbb140] slimproto stop for Pearl
[10:29:12.103909] output_close:642 [0xbbb140] close media renderer
[10:29:13.076452] AddMRDevice:1423 [0xc44b00]: adding renderer (Pearl)
[10:29:13.084034] XMLGetFirstDocumentItem:180 ixmlNode_getFirstChild(tmpNode) returned (nil) (nil)
[10:29:13.084106] AddMRDevice:1444 [0xc44b00] unable to get protocol info, set <forced_mimetypes>
[10:29:13.086416] slimproto:861 squeezelite [0xbbb140] <=> player [0xc44b00]
[10:29:13.086471] slimproto:862 [0xbbb140] connecting to 192.168.1.165:3483
[10:29:13.086805] slimproto:892 [0xbbb140] connected
[10:29:13.086854] sendHELO:135 [0xbbb140] cap: CanHTTPS=1,Model=squeezelite,ModelName=Pearl,AccuratePlayPoints=0,HasDigitalOut=1,MaxSampleRate=48000,aac,ogg,flc,alc,pcm,mp3
[10:29:13.092827] MasterHandler:1054 [0xc44b00]: subscribe success
[10:29:13.097088] _ProcessVolume:754 [0xc44b00]: UPnP Volume local change 37:-1 (master)
[10:29:13.135893] AVTStop:217 [0xc44b00]: uPNP stop (cookie (nil))
