[01:20:18.125856] main:1774 Starting squeeze2upnp version: v1.82.2 (Feb 21 2022 @ 19:02:23)
[01:20:18.127560] Start:1536 Binding to 192.168.1.217:49157 (http:0)
[01:20:18.254015] AddMRDevice:1423 [0xc44b00]: adding renderer (Theater)
[01:20:18.256477] XMLGetFirstDocumentItem:180 ixmlNode_getFirstChild(tmpNode) returned (nil) (nil)
[01:20:18.256512] AddMRDevice:1444 [0xc44b00] unable to get protocol info, set <forced_mimetypes>
[01:20:18.258476] slimproto:861 squeezelite [0xbbb140] <=> player [0xc44b00]
[01:20:18.258547] slimproto:862 [0xbbb140] connecting to 192.168.1.165:3483
[01:20:18.258736] MasterHandler:1054 [0xc44b00]: subscribe success
[01:20:18.258778] slimproto:892 [0xbbb140] connected
[01:20:18.258855] sendHELO:135 [0xbbb140] cap: CanHTTPS=1,Model=squeezelite,ModelName=Theater,AccuratePlayPoints=0,HasDigitalOut=1,MaxSampleRate=48000,aac,ogg,flc,alc,pcm,mp3
[01:20:18.262229] _ProcessVolume:754 [0xc44b00]: UPnP Volume local change 0:-1 (master)
[01:20:18.306691] AVTStop:217 [0xc44b00]: uPNP stop (cookie (nil))
[01:20:27.780923] AVTStop:217 [0xc44b00]: uPNP stop (cookie 0x1)
[01:20:27.831457] _ProcessVolume:754 [0xc44b00]: UPnP Volume local change 53:-1 (master)
[01:20:28.260878] _SyncNotifState:659 [0xc44b00]: uPNP stop
[01:20:34.147412] AVTStop:217 [0xc44b00]: uPNP stop (cookie 0x3)
[01:20:36.384124] AVTStop:217 [0xc44b00]: uPNP stop (cookie 0x4)
[01:20:38.261152] _SyncNotifState:659 [0xc44b00]: uPNP stop
[01:20:38.548001] AVTStop:217 [0xc44b00]: uPNP stop (cookie 0x6)
[01:20:38.675671] _ProcessVolume:754 [0xc44b00]: UPnP Volume local change 0:-1 (master)
[01:20:40.347541] AVTStop:217 [0xc44b00]: uPNP stop (cookie 0x7)
[01:20:43.261997] _SyncNotifState:659 [0xc44b00]: uPNP stop
[01:23:10.563601] AVTStop:217 [0xc44b00]: uPNP stop (cookie 0x9)
[01:23:10.617904] _ProcessVolume:754 [0xc44b00]: UPnP Volume local change 38:-1 (master)
[01:23:13.268134] _SyncNotifState:659 [0xc44b00]: uPNP stop
[01:23:16.618944] AVTStop:217 [0xc44b00]: uPNP stop (cookie 0xb)
[01:23:18.267593] _SyncNotifState:659 [0xc44b00]: uPNP stop
[01:23:19.026809] AVTStop:217 [0xc44b00]: uPNP stop (cookie 0xd)
[01:23:21.452142] AVTStop:217 [0xc44b00]: uPNP stop (cookie 0xe)
[01:23:23.270407] _SyncNotifState:659 [0xc44b00]: uPNP stop
[01:23:25.381119] AVTStop:217 [0xc44b00]: uPNP stop (cookie 0x10)
[01:23:28.270391] _SyncNotifState:659 [0xc44b00]: uPNP stop
[01:23:28.841583] AVTStop:217 [0xc44b00]: uPNP stop (cookie 0x12)
[01:23:32.253399] AVTStop:217 [0xc44b00]: uPNP stop (cookie 0x13)
[01:23:33.269632] _SyncNotifState:659 [0xc44b00]: uPNP stop
[01:23:41.271116] AVTStop:217 [0xc44b00]: uPNP stop (cookie 0x15)
[01:23:42.622340] AVTStop:217 [0xc44b00]: uPNP stop (cookie 0x16)
[01:23:43.278738] _SyncNotifState:659 [0xc44b00]: uPNP stop
[01:23:54.612622] AVTStop:217 [0xc44b00]: uPNP stop (cookie 0x18)
[01:23:54.685105] _ProcessVolume:754 [0xc44b00]: UPnP Volume local change 53:-1 (master)
[01:23:58.279483] _SyncNotifState:659 [0xc44b00]: uPNP stop
[01:23:59.046734] AVTStop:217 [0xc44b00]: uPNP stop (cookie 0x1a)
[01:23:59.102286] _ProcessVolume:754 [0xc44b00]: UPnP Volume local change 38:-1 (master)
[01:24:03.278883] _SyncNotifState:659 [0xc44b00]: uPNP stop
[01:24:04.582487] AVTStop:217 [0xc44b00]: uPNP stop (cookie 0x1c)
[01:24:08.280562] _SyncNotifState:659 [0xc44b00]: uPNP stop
[01:24:10.937683] AVTStop:217 [0xc44b00]: uPNP stop (cookie 0x1e)
[01:24:11.063019] _ProcessVolume:754 [0xc44b00]: UPnP Volume local change 0:-1 (master)
[01:24:13.271988] _SyncNotifState:659 [0xc44b00]: uPNP stop
[07:54:00.828962] AVTStop:217 [0xc44b00]: uPNP stop (cookie 0x20)
[07:54:00.882419] _ProcessVolume:754 [0xc44b00]: UPnP Volume local change 38:-1 (master)
[07:54:04.508495] _SyncNotifState:659 [0xc44b00]: uPNP stop
[07:54:29.795904] AVTStop:217 [0xc44b00]: uPNP stop (cookie 0x22)
[07:54:29.859317] _ProcessVolume:754 [0xc44b00]: UPnP Volume local change 53:-1 (master)
[07:54:31.328967] AVTStop:217 [0xc44b00]: uPNP stop (cookie 0x23)
[07:54:34.510046] _SyncNotifState:659 [0xc44b00]: uPNP stop
[07:54:36.362740] AVTStop:217 [0xc44b00]: uPNP stop (cookie 0x25)
[07:54:36.418176] _ProcessVolume:754 [0xc44b00]: UPnP Volume local change 38:-1 (master)
[07:54:39.363023] AVTStop:217 [0xc44b00]: uPNP stop (cookie 0x26)
[07:54:39.506429] _ProcessVolume:754 [0xc44b00]: UPnP Volume local change 0:-1 (master)
[07:54:39.541100] _SyncNotifState:659 [0xc44b00]: uPNP stop
[13:39:11.828728] AVTStop:217 [0xc44b00]: uPNP stop (cookie 0x28)
[13:39:11.881318] _ProcessVolume:754 [0xc44b00]: UPnP Volume local change 38:-1 (master)
[13:39:15.719755] _SyncNotifState:659 [0xc44b00]: uPNP stop
[13:39:19.183424] _ProcessVolume:754 [0xc44b00]: UPnP Volume local change 1:-1 (master)
[13:39:19.682910] _ProcessVolume:754 [0xc44b00]: UPnP Volume local change 3:-1 (master)
[13:39:20.184940] _ProcessVolume:754 [0xc44b00]: UPnP Volume local change 16:-1 (master)
[13:39:20.685616] _ProcessVolume:754 [0xc44b00]: UPnP Volume local change 47:-1 (master)
[13:39:21.188453] _ProcessVolume:754 [0xc44b00]: UPnP Volume local change 42:-1 (master)
[13:39:26.840331] AVTStop:217 [0xc44b00]: uPNP stop (cookie 0x2a)
[13:39:27.061207] process_strm:238 [0xbbb140] strm command s
[13:39:27.061296] process_strm:307 [0xbbb140], strm s autostart: 1 transition period: 0 transition type: 0 codec: f
[13:39:27.061343] sendSTAT:169 [0xbbb140]: STAT:[STMf] msplayed 0
[13:39:27.061666] output_start:81 [0xbbb140]: start thread 0
[13:39:27.061796] sq_callback:343 [0xc44b00]:
	artist:
	album:
	title:Streaming from LMS
	genre:
	duration:0.000
	size:0
	cover:
	offset:0
[13:39:27.061865] sq_callback:382 [0xc44b00]: set current URI (s:0) http://192.168.1.217:40789/bridge-1.flac
[13:39:27.062014] AVTSetURI:91 [0xc44b00]: uPNP setURI http://192.168.1.217:40789/bridge-1.flac (cookie 0x2b)
[13:39:27.062536] process_start:1220 [0xbbb140]: codec:f, ch:0, s:0, r:0
[13:39:27.062916] sendSTAT:169 [0xbbb140]: STAT:[STMc] msplayed 0
[13:39:27.498464] AVTSetPlayMode:167 [0xc44b00]: uPNP set play mode (cookie 0x2c)
[13:39:27.498774] AVTPlay:151 [0xc44b00]: uPNP play (cookie 0x2d)
[13:39:27.595128] output_http_thread:157 [0xbbb140]: got HTTP connection 11
[13:39:27.595446] _output_new_stream:492 [0xbbb140]: FLAC-0 encoding r:48000 s:16
[13:39:27.595506] output_http_thread:186 [0xbbb140]: drain is 2621440 (waited 533)
[13:39:27.596601] handle_http:483 [0xbbb140]: received GET /bridge-1.flac HTTP/1.1
[13:39:27.596653] handle_http:486 [0xbbb140]: HTTP headers
Host: 192.168.1.217:40789
User-Agent: AvegaMediaServer/2.0 Linux/2.6
Accept: */*
transferMode.dlna.org: Streaming

[13:39:27.596783] handle_http:573 [0xbbb140]: responding:
HTTP/1.1 200 OK
Server: squeezebox-bridge
Connection: close
Content-Type: audio/x-flac
transferMode.dlna.org: Streaming
Transfer-Encoding: chunked


[13:39:27.596830] gain_and_fade:984 [0xbbb140]: track start rate:48000 gain:0
[13:39:28.040325] _SyncNotifState:687 Theater: uPNP playing
[13:39:28.043151] sendSTAT:169 [0xbbb140]: STAT:[STMs] msplayed 0
[13:39:30.826692] _ProcessVolume:754 [0xc44b00]: UPnP Volume local change 43:-1 (master)
[13:39:31.354747] _ProcessVolume:754 [0xc44b00]: UPnP Volume local change 47:-1 (master)
[13:39:31.869671] _ProcessVolume:754 [0xc44b00]: UPnP Volume local change 49:-1 (master)
[13:39:32.873492] _ProcessVolume:754 [0xc44b00]: UPnP Volume local change 50:-1 (master)
[13:39:33.980679] _ProcessVolume:754 [0xc44b00]: UPnP Volume local change 52:-1 (master)
[13:39:34.537561] _ProcessVolume:754 [0xc44b00]: UPnP Volume local change 53:-1 (master)
[13:39:37.042588] _ProcessVolume:754 [0xc44b00]: UPnP Volume local change 52:-1 (master)
[13:39:37.541858] _ProcessVolume:754 [0xc44b00]: UPnP Volume local change 49:-1 (master)
[13:39:39.236896] _ProcessVolume:754 [0xc44b00]: UPnP Volume local change 51:-1 (master)
[13:39:53.488805] output_http_thread:389 [0xbbb140]: end thread 0 (4120889 bytes)
[13:39:53.488962] _output_end_stream:545 [0xbbb140]: finishing FLAC
[13:39:53.491540] sendSTAT:169 [0xbbb140]: STAT:[STMf] msplayed 0
[13:39:53.491624] AVTStop:217 [0xc44b00]: uPNP stop (cookie 0x7b)
[13:39:54.038286] _ProcessVolume:754 [0xc44b00]: UPnP Volume local change 0:-1 (master)
[13:39:58.526125] _SyncNotifState:659 [0xc44b00]: uPNP stop
[17:30:10.909143] Stop:1558 stopping squeezelite devices ...
[17:30:10.909205] slimproto_close:933 [0xbbb140] slimproto stop for Theater
[17:30:11.010185] output_close:642 [0xbbb140] close media renderer
[17:30:11.169068] Stop:1562 terminate update thread ...
[17:30:11.169343] Stop:1567 terminate main thread ...
[17:30:11.171521] Stop:1571 stopping UPnP devices ...
